-------------------------------------------------------------------------------
Test set: com.examly.springapp.SpringappApplicationTests
-------------------------------------------------------------------------------
Tests run: 17, Failures: 13, Errors: 1, Skipped: 0, Time elapsed: 7.074 s <<< FAILURE! -- in com.examly.springapp.SpringappApplicationTests
com.examly.springapp.SpringappApplicationTests.backend_testRegisterAdmin -- Time elapsed: 0.810 s <<< FAILURE!
org.opentest4j.AssertionFailedError: expected: <201 CREATED> but was: <409 CONFLICT>
	at org.junit.jupiter.api.AssertionFailureBuilder.build(AssertionFailureBuilder.java:151)
	at org.junit.jupiter.api.AssertionFailureBuilder.buildAndThrow(AssertionFailureBuilder.java:132)
	at org.junit.jupiter.api.AssertEquals.failNotEqual(AssertEquals.java:197)
	at org.junit.jupiter.api.AssertEquals.assertEquals(AssertEquals.java:182)
	at org.junit.jupiter.api.AssertEquals.assertEquals(AssertEquals.java:177)
	at org.junit.jupiter.api.Assertions.assertEquals(Assertions.java:1145)
	at com.examly.springapp.SpringappApplicationTests.backend_testRegisterAdmin(SpringappApplicationTests.java:134)
	at java.base/java.lang.reflect.Method.invoke(Method.java:580)
	at java.base/java.util.ArrayList.forEach(ArrayList.java:1596)
	at java.base/java.util.ArrayList.forEach(ArrayList.java:1596)

com.examly.springapp.SpringappApplicationTests.backend_testRegisterUser -- Time elapsed: 0.010 s <<< FAILURE!
org.opentest4j.AssertionFailedError: expected: <201 CREATED> but was: <409 CONFLICT>
	at org.junit.jupiter.api.AssertionFailureBuilder.build(AssertionFailureBuilder.java:151)
	at org.junit.jupiter.api.AssertionFailureBuilder.buildAndThrow(AssertionFailureBuilder.java:132)
	at org.junit.jupiter.api.AssertEquals.failNotEqual(AssertEquals.java:197)
	at org.junit.jupiter.api.AssertEquals.assertEquals(AssertEquals.java:182)
	at org.junit.jupiter.api.AssertEquals.assertEquals(AssertEquals.java:177)
	at org.junit.jupiter.api.Assertions.assertEquals(Assertions.java:1145)
	at com.examly.springapp.SpringappApplicationTests.backend_testRegisterUser(SpringappApplicationTests.java:144)
	at java.base/java.lang.reflect.Method.invoke(Method.java:580)
	at java.base/java.util.ArrayList.forEach(ArrayList.java:1596)
	at java.base/java.util.ArrayList.forEach(ArrayList.java:1596)

com.examly.springapp.SpringappApplicationTests.backend_testLoginAdmin -- Time elapsed: 0.087 s <<< ERROR!
com.fasterxml.jackson.core.JsonParseException: 
Unrecognized token 'Admin': was expecting (JSON String, Number, Array, Object or token 'null', 'true' or 'false')
 at [Source: (String)"Admin Not Approved Please Contact Super Admin"; line: 1, column: 6]
	at com.fasterxml.jackson.core.JsonParser._constructError(JsonParser.java:2477)
	at com.fasterxml.jackson.core.base.ParserMinimalBase._reportError(ParserMinimalBase.java:760)
	at com.fasterxml.jackson.core.json.ReaderBasedJsonParser._reportInvalidToken(ReaderBasedJsonParser.java:3041)
	at com.fasterxml.jackson.core.json.ReaderBasedJsonParser._handleOddValue(ReaderBasedJsonParser.java:2082)
	at com.fasterxml.jackson.core.json.ReaderBasedJsonParser.nextToken(ReaderBasedJsonParser.java:808)
	at com.fasterxml.jackson.databind.ObjectMapper._readTreeAndClose(ObjectMapper.java:4854)
	at com.fasterxml.jackson.databind.ObjectMapper.readTree(ObjectMapper.java:3219)
	at com.examly.springapp.SpringappApplicationTests.backend_testLoginAdmin(SpringappApplicationTests.java:158)
	at java.base/java.lang.reflect.Method.invoke(Method.java:580)
	at java.base/java.util.ArrayList.forEach(ArrayList.java:1596)
	at java.base/java.util.ArrayList.forEach(ArrayList.java:1596)

com.examly.springapp.SpringappApplicationTests.backend_testAddVehicleMaintenanceServiceWithRoleValidation -- Time elapsed: 0.005 s <<< FAILURE!
org.opentest4j.AssertionFailedError: Admin token should not be null ==> expected: not <null>
	at org.junit.jupiter.api.AssertionFailureBuilder.build(AssertionFailureBuilder.java:152)
	at org.junit.jupiter.api.AssertionFailureBuilder.buildAndThrow(AssertionFailureBuilder.java:132)
	at org.junit.jupiter.api.AssertNotNull.failNull(AssertNotNull.java:49)
	at org.junit.jupiter.api.AssertNotNull.assertNotNull(AssertNotNull.java:35)
	at org.junit.jupiter.api.Assertions.assertNotNull(Assertions.java:312)
	at com.examly.springapp.SpringappApplicationTests.backend_testAddVehicleMaintenanceServiceWithRoleValidation(SpringappApplicationTests.java:186)
	at java.base/java.lang.reflect.Method.invoke(Method.java:580)
	at java.base/java.util.ArrayList.forEach(ArrayList.java:1596)
	at java.base/java.util.ArrayList.forEach(ArrayList.java:1596)

com.examly.springapp.SpringappApplicationTests.backend_testGetVehicleMaintenanceServiceByIdWithRoleValidation -- Time elapsed: 0.004 s <<< FAILURE!
org.opentest4j.AssertionFailedError: Admin token should not be null ==> expected: not <null>
	at org.junit.jupiter.api.AssertionFailureBuilder.build(AssertionFailureBuilder.java:152)
	at org.junit.jupiter.api.AssertionFailureBuilder.buildAndThrow(AssertionFailureBuilder.java:132)
	at org.junit.jupiter.api.AssertNotNull.failNull(AssertNotNull.java:49)
	at org.junit.jupiter.api.AssertNotNull.assertNotNull(AssertNotNull.java:35)
	at org.junit.jupiter.api.Assertions.assertNotNull(Assertions.java:312)
	at com.examly.springapp.SpringappApplicationTests.backend_testGetVehicleMaintenanceServiceByIdWithRoleValidation(SpringappApplicationTests.java:224)
	at java.base/java.lang.reflect.Method.invoke(Method.java:580)
	at java.base/java.util.ArrayList.forEach(ArrayList.java:1596)
	at java.base/java.util.ArrayList.forEach(ArrayList.java:1596)

com.examly.springapp.SpringappApplicationTests.backend_testGetVehicleMaintenanceServiceByNameWithRoleValidation -- Time elapsed: 0.006 s <<< FAILURE!
org.opentest4j.AssertionFailedError: Admin token should not be null ==> expected: not <null>
	at org.junit.jupiter.api.AssertionFailureBuilder.build(AssertionFailureBuilder.java:152)
	at org.junit.jupiter.api.AssertionFailureBuilder.buildAndThrow(AssertionFailureBuilder.java:132)
	at org.junit.jupiter.api.AssertNotNull.failNull(AssertNotNull.java:49)
	at org.junit.jupiter.api.AssertNotNull.assertNotNull(AssertNotNull.java:35)
	at org.junit.jupiter.api.Assertions.assertNotNull(Assertions.java:312)
	at com.examly.springapp.SpringappApplicationTests.backend_testGetVehicleMaintenanceServiceByNameWithRoleValidation(SpringappApplicationTests.java:266)
	at java.base/java.lang.reflect.Method.invoke(Method.java:580)
	at java.base/java.util.ArrayList.forEach(ArrayList.java:1596)
	at java.base/java.util.ArrayList.forEach(ArrayList.java:1596)

com.examly.springapp.SpringappApplicationTests.backend_testGetAllVehicleMaintenanceServicesWithRoleValidation -- Time elapsed: 0.002 s <<< FAILURE!
org.opentest4j.AssertionFailedError: Admin token should not be null ==> expected: not <null>
	at org.junit.jupiter.api.AssertionFailureBuilder.build(AssertionFailureBuilder.java:152)
	at org.junit.jupiter.api.AssertionFailureBuilder.buildAndThrow(AssertionFailureBuilder.java:132)
	at org.junit.jupiter.api.AssertNotNull.failNull(AssertNotNull.java:49)
	at org.junit.jupiter.api.AssertNotNull.assertNotNull(AssertNotNull.java:35)
	at org.junit.jupiter.api.Assertions.assertNotNull(Assertions.java:312)
	at com.examly.springapp.SpringappApplicationTests.backend_testGetAllVehicleMaintenanceServicesWithRoleValidation(SpringappApplicationTests.java:302)
	at java.base/java.lang.reflect.Method.invoke(Method.java:580)
	at java.base/java.util.ArrayList.forEach(ArrayList.java:1596)
	at java.base/java.util.ArrayList.forEach(ArrayList.java:1596)

com.examly.springapp.SpringappApplicationTests.backend_testUpdateVehicleMaintenanceServiceWithRoleValidation -- Time elapsed: 0.005 s <<< FAILURE!
org.opentest4j.AssertionFailedError: Admin token should not be null ==> expected: not <null>
	at org.junit.jupiter.api.AssertionFailureBuilder.build(AssertionFailureBuilder.java:152)
	at org.junit.jupiter.api.AssertionFailureBuilder.buildAndThrow(AssertionFailureBuilder.java:132)
	at org.junit.jupiter.api.AssertNotNull.failNull(AssertNotNull.java:49)
	at org.junit.jupiter.api.AssertNotNull.assertNotNull(AssertNotNull.java:35)
	at org.junit.jupiter.api.Assertions.assertNotNull(Assertions.java:312)
	at com.examly.springapp.SpringappApplicationTests.backend_testUpdateVehicleMaintenanceServiceWithRoleValidation(SpringappApplicationTests.java:334)
	at java.base/java.lang.reflect.Method.invoke(Method.java:580)
	at java.base/java.util.ArrayList.forEach(ArrayList.java:1596)
	at java.base/java.util.ArrayList.forEach(ArrayList.java:1596)

com.examly.springapp.SpringappApplicationTests.backend_testAddAppointmentWithRoleValidation -- Time elapsed: 0.004 s <<< FAILURE!
org.opentest4j.AssertionFailedError: Admin token should not be null ==> expected: not <null>
	at org.junit.jupiter.api.AssertionFailureBuilder.build(AssertionFailureBuilder.java:152)
	at org.junit.jupiter.api.AssertionFailureBuilder.buildAndThrow(AssertionFailureBuilder.java:132)
	at org.junit.jupiter.api.AssertNotNull.failNull(AssertNotNull.java:49)
	at org.junit.jupiter.api.AssertNotNull.assertNotNull(AssertNotNull.java:35)
	at org.junit.jupiter.api.Assertions.assertNotNull(Assertions.java:312)
	at com.examly.springapp.SpringappApplicationTests.backend_testAddAppointmentWithRoleValidation(SpringappApplicationTests.java:383)
	at java.base/java.lang.reflect.Method.invoke(Method.java:580)
	at java.base/java.util.ArrayList.forEach(ArrayList.java:1596)
	at java.base/java.util.ArrayList.forEach(ArrayList.java:1596)

com.examly.springapp.SpringappApplicationTests.backend_testGetAppointmentsByUserId -- Time elapsed: 0.004 s <<< FAILURE!
org.opentest4j.AssertionFailedError: Admin token should not be null ==> expected: not <null>
	at org.junit.jupiter.api.AssertionFailureBuilder.build(AssertionFailureBuilder.java:152)
	at org.junit.jupiter.api.AssertionFailureBuilder.buildAndThrow(AssertionFailureBuilder.java:132)
	at org.junit.jupiter.api.AssertNotNull.failNull(AssertNotNull.java:49)
	at org.junit.jupiter.api.AssertNotNull.assertNotNull(AssertNotNull.java:35)
	at org.junit.jupiter.api.Assertions.assertNotNull(Assertions.java:312)
	at com.examly.springapp.SpringappApplicationTests.backend_testGetAppointmentsByUserId(SpringappApplicationTests.java:419)
	at java.base/java.lang.reflect.Method.invoke(Method.java:580)
	at java.base/java.util.ArrayList.forEach(ArrayList.java:1596)
	at java.base/java.util.ArrayList.forEach(ArrayList.java:1596)

com.examly.springapp.SpringappApplicationTests.backend_testUpdateAppointmentWithRoleValidation -- Time elapsed: 0.004 s <<< FAILURE!
org.opentest4j.AssertionFailedError: Admin token should not be null ==> expected: not <null>
	at org.junit.jupiter.api.AssertionFailureBuilder.build(AssertionFailureBuilder.java:152)
	at org.junit.jupiter.api.AssertionFailureBuilder.buildAndThrow(AssertionFailureBuilder.java:132)
	at org.junit.jupiter.api.AssertNotNull.failNull(AssertNotNull.java:49)
	at org.junit.jupiter.api.AssertNotNull.assertNotNull(AssertNotNull.java:35)
	at org.junit.jupiter.api.Assertions.assertNotNull(Assertions.java:312)
	at com.examly.springapp.SpringappApplicationTests.backend_testUpdateAppointmentWithRoleValidation(SpringappApplicationTests.java:455)
	at java.base/java.lang.reflect.Method.invoke(Method.java:580)
	at java.base/java.util.ArrayList.forEach(ArrayList.java:1596)
	at java.base/java.util.ArrayList.forEach(ArrayList.java:1596)

com.examly.springapp.SpringappApplicationTests.backend_testGetAllAppointments -- Time elapsed: 0.004 s <<< FAILURE!
org.opentest4j.AssertionFailedError: Admin token should not be null ==> expected: not <null>
	at org.junit.jupiter.api.AssertionFailureBuilder.build(AssertionFailureBuilder.java:152)
	at org.junit.jupiter.api.AssertionFailureBuilder.buildAndThrow(AssertionFailureBuilder.java:132)
	at org.junit.jupiter.api.AssertNotNull.failNull(AssertNotNull.java:49)
	at org.junit.jupiter.api.AssertNotNull.assertNotNull(AssertNotNull.java:35)
	at org.junit.jupiter.api.Assertions.assertNotNull(Assertions.java:312)
	at com.examly.springapp.SpringappApplicationTests.backend_testGetAllAppointments(SpringappApplicationTests.java:487)
	at java.base/java.lang.reflect.Method.invoke(Method.java:580)
	at java.base/java.util.ArrayList.forEach(ArrayList.java:1596)
	at java.base/java.util.ArrayList.forEach(ArrayList.java:1596)

com.examly.springapp.SpringappApplicationTests.backend_testAddFeedbackWithRoleValidation -- Time elapsed: 0.004 s <<< FAILURE!
org.opentest4j.AssertionFailedError: Admin token should not be null ==> expected: not <null>
	at org.junit.jupiter.api.AssertionFailureBuilder.build(AssertionFailureBuilder.java:152)
	at org.junit.jupiter.api.AssertionFailureBuilder.buildAndThrow(AssertionFailureBuilder.java:132)
	at org.junit.jupiter.api.AssertNotNull.failNull(AssertNotNull.java:49)
	at org.junit.jupiter.api.AssertNotNull.assertNotNull(AssertNotNull.java:35)
	at org.junit.jupiter.api.Assertions.assertNotNull(Assertions.java:312)
	at com.examly.springapp.SpringappApplicationTests.backend_testAddFeedbackWithRoleValidation(SpringappApplicationTests.java:517)
	at java.base/java.lang.reflect.Method.invoke(Method.java:580)
	at java.base/java.util.ArrayList.forEach(ArrayList.java:1596)
	at java.base/java.util.ArrayList.forEach(ArrayList.java:1596)

com.examly.springapp.SpringappApplicationTests.backend_testGetFeedbackByUserIdWithRoleValidation -- Time elapsed: 0.003 s <<< FAILURE!
org.opentest4j.AssertionFailedError: Admin token should not be null ==> expected: not <null>
	at org.junit.jupiter.api.AssertionFailureBuilder.build(AssertionFailureBuilder.java:152)
	at org.junit.jupiter.api.AssertionFailureBuilder.buildAndThrow(AssertionFailureBuilder.java:132)
	at org.junit.jupiter.api.AssertNotNull.failNull(AssertNotNull.java:49)
	at org.junit.jupiter.api.AssertNotNull.assertNotNull(AssertNotNull.java:35)
	at org.junit.jupiter.api.Assertions.assertNotNull(Assertions.java:312)
	at com.examly.springapp.SpringappApplicationTests.backend_testGetFeedbackByUserIdWithRoleValidation(SpringappApplicationTests.java:553)
	at java.base/java.lang.reflect.Method.invoke(Method.java:580)
	at java.base/java.util.ArrayList.forEach(ArrayList.java:1596)
	at java.base/java.util.ArrayList.forEach(ArrayList.java:1596)

